2026-06-29 18:14:26 [INFO    ] astra.pipeline            [pipeline.py:98] _load_config: Configuration loaded from config/config.yaml
2026-06-29 18:14:26 [INFO    ] astra.pipeline            [pipeline.py:223] run_single_star: Processing single star: TIC 261136679
2026-06-29 18:14:35 [DEBUG   ] astra.ingestion.quality_filter [quality_filter.py:145] apply_quality_filter: Quality filter passed: 18264 points, CROWDSAP=1.000, RMS=0.00013, activity_flag=False
2026-06-29 18:14:35 [DEBUG   ] astra.preprocessing.normalization [normalization.py:101] sigma_clip: Sigma clipping converged at iteration 3
2026-06-29 18:14:35 [DEBUG   ] astra.preprocessing.normalization [normalization.py:109] sigma_clip: Sigma clipping (5.0σ): removed 7/18264 points (0.0%)
2026-06-29 18:14:35 [DEBUG   ] astra.preprocessing.gap_handler [gap_handler.py:49] find_gaps: Found 2 continuous segments (1 gaps > 0.5 days)
2026-06-29 18:14:35 [DEBUG   ] astra.preprocessing.gap_handler [gap_handler.py:102] segment_light_curve: Segmented light curve into 2 valid segments (from 2 total)
2026-06-29 18:14:36 [DEBUG   ] astra.preprocessing.normalization [normalization.py:54] normalize_flux: Normalized flux by factor 1.000001 (method=median)
2026-06-29 18:14:36 [DEBUG   ] astra.preprocessing.detrending [detrending.py:203] detrend_light_curve: Detrending complete: 18257 points, 2 segments, 7 clipped, method=biweight, window=0.75d
2026-06-29 18:14:38 [DEBUG   ] astra.detection.bls_search [bls_search.py:163] run_bls_search: BLS: P=6.2678d, depth=0.00027, SNR=34.8, power=1188.5696, n_transits=4
2026-06-29 18:14:55 [DEBUG   ] astra.detection.tls_search [tls_search.py:161] run_tls_search: TLS: P=6.2626d, SDE=16.2, depth=0.00028, duration=0.1189d, n_transits=5
2026-06-29 18:14:55 [DEBUG   ] astra.detection.multi_planet [multi_planet.py:276] _combine_bls_tls: TIC 261136679 cand 1: using TLS (SDE=16.2, P=6.2626d)
2026-06-29 18:14:55 [INFO    ] astra.detection.multi_planet [multi_planet.py:208] search_multi_planet: TIC 261136679 candidate 1: P=6.2626d, depth=0.00028, SNR=46.4, n_transits=5 → TCE
2026-06-29 18:14:57 [DEBUG   ] astra.detection.bls_search [bls_search.py:163] run_bls_search: BLS: P=6.2689d, depth=0.00024, SNR=7.3, power=51.3997, n_transits=4
2026-06-29 18:15:09 [DEBUG   ] astra.detection.tls_search [tls_search.py:161] run_tls_search: TLS: P=6.9922d, SDE=4.3, depth=0.00004, duration=0.1757d, n_transits=4
2026-06-29 18:15:09 [DEBUG   ] astra.detection.multi_planet [multi_planet.py:290] _combine_bls_tls: TIC 261136679 cand 2: using BLS fallback (TLS SDE=4.3, BLS SNR=7.3)
2026-06-29 18:15:09 [INFO    ] astra.detection.multi_planet [multi_planet.py:208] search_multi_planet: TIC 261136679 candidate 2: P=6.2689d, depth=0.00024, SNR=7.3, n_transits=4 → TCE
2026-06-29 18:15:12 [DEBUG   ] astra.detection.bls_search [bls_search.py:163] run_bls_search: BLS: P=6.9846d, depth=0.00007, SNR=7.2, power=48.8280, n_transits=3
2026-06-29 18:15:24 [DEBUG   ] astra.detection.tls_search [tls_search.py:161] run_tls_search: TLS: P=6.9922d, SDE=4.5, depth=0.00004, duration=0.1755d, n_transits=4
2026-06-29 18:15:24 [DEBUG   ] astra.detection.multi_planet [multi_planet.py:290] _combine_bls_tls: TIC 261136679 cand 3: using BLS fallback (TLS SDE=4.5, BLS SNR=7.2)
2026-06-29 18:15:24 [INFO    ] astra.detection.multi_planet [multi_planet.py:208] search_multi_planet: TIC 261136679 candidate 3: P=6.9846d, depth=0.00007, SNR=7.2, n_transits=3 → TCE
2026-06-29 18:15:26 [DEBUG   ] astra.detection.bls_search [bls_search.py:163] run_bls_search: BLS: P=10.8300d, depth=0.00030, SNR=6.9, power=44.8474, n_transits=2
2026-06-29 18:15:38 [DEBUG   ] astra.detection.tls_search [tls_search.py:161] run_tls_search: TLS: P=8.2235d, SDE=5.3, depth=0.00005, duration=0.1583d, n_transits=3
2026-06-29 18:15:38 [DEBUG   ] astra.detection.multi_planet [multi_planet.py:276] _combine_bls_tls: TIC 261136679 cand 4: using TLS (SDE=5.3, P=8.2235d)
2026-06-29 18:15:38 [DEBUG   ] astra.detection.multi_planet [multi_planet.py:193] search_multi_planet: TIC 261136679 candidate 4: SNR=6.8 → MARGINAL (no vetting/ML)
2026-06-29 18:15:38 [DEBUG   ] astra.extraction.phase_fold [phase_fold.py:135] phase_fold: Phase fold: period=6.2626d, 4 transits stacked, 422 in-transit points, 1000 bins
2026-06-29 18:15:38 [DEBUG   ] astra.vetting.odd_even    [odd_even.py:107] test_odd_even: Odd-even test passed: σ=2.79 ≤ 3.0
2026-06-29 18:15:38 [DEBUG   ] astra.vetting.secondary_eclipse [secondary_eclipse.py:91] test_secondary_eclipse: Secondary eclipse test passed: σ=-0.71 ≤ 3.0
2026-06-29 18:15:38 [DEBUG   ] astra.vetting.centroid    [centroid.py:52] test_centroid_shift: Centroid test: TPF not available, skipping
2026-06-29 18:15:38 [DEBUG   ] astra.vetting.shape_analysis [shape_analysis.py:71] test_shape_analysis: Shape test: flat_bottom_ratio=0.993, ingress_symmetry=0.681
2026-06-29 18:15:38 [DEBUG   ] astra.vetting.duration_check [duration_check.py:90] test_duration_consistency: Duration check passed: ratio=0.77 (observed=2.85h, expected=3.72h)
2026-06-29 18:15:38 [DEBUG   ] astra.vetting.physical_limits [physical_limits.py:89] test_physical_limits: Physical limits passed: R_planet=2.1 R_Earth, T_eq=1075 K
2026-06-29 18:15:38 [INFO    ] astra.vetting             [__init__.py:256] run_all_vetting: Vetting summary: PASSED (5 passed, 0 failed, 0 flagged) 
2026-06-29 18:15:38 [DEBUG   ] astra.extraction.phase_fold [phase_fold.py:135] phase_fold: Phase fold: period=6.2689d, 4 transits stacked, 87 in-transit points, 1000 bins
2026-06-29 18:15:38 [DEBUG   ] astra.vetting.odd_even    [odd_even.py:107] test_odd_even: Odd-even test passed: σ=2.46 ≤ 3.0
2026-06-29 18:15:38 [DEBUG   ] astra.vetting.secondary_eclipse [secondary_eclipse.py:91] test_secondary_eclipse: Secondary eclipse test passed: σ=0.34 ≤ 3.0
2026-06-29 18:15:38 [DEBUG   ] astra.vetting.centroid    [centroid.py:52] test_centroid_shift: Centroid test: TPF not available, skipping
2026-06-29 18:15:38 [DEBUG   ] astra.vetting.shape_analysis [shape_analysis.py:71] test_shape_analysis: Shape test: flat_bottom_ratio=nan, ingress_symmetry=nan
2026-06-29 18:15:38 [INFO    ] astra.vetting.duration_check [duration_check.py:84] test_duration_consistency: Duration check soft flag: ratio=0.16 (observed=0.60h, expected=3.72h) outside [0.3, 3.0]
2026-06-29 18:15:38 [DEBUG   ] astra.vetting.physical_limits [physical_limits.py:89] test_physical_limits: Physical limits passed: R_planet=1.9 R_Earth, T_eq=1075 K
2026-06-29 18:15:38 [INFO    ] astra.vetting             [__init__.py:256] run_all_vetting: Vetting summary: PASSED (4 passed, 0 failed, 1 flagged) 
2026-06-29 18:15:38 [DEBUG   ] astra.extraction.phase_fold [phase_fold.py:135] phase_fold: Phase fold: period=6.9846d, 3 transits stacked, 172 in-transit points, 1000 bins
2026-06-29 18:15:38 [DEBUG   ] astra.vetting.odd_even    [odd_even.py:53] test_odd_even: Odd-even test: fewer than 4 transits, skipping
2026-06-29 18:15:38 [DEBUG   ] astra.vetting.secondary_eclipse [secondary_eclipse.py:91] test_secondary_eclipse: Secondary eclipse test passed: σ=-1.54 ≤ 3.0
2026-06-29 18:15:38 [DEBUG   ] astra.vetting.centroid    [centroid.py:52] test_centroid_shift: Centroid test: TPF not available, skipping
2026-06-29 18:15:38 [DEBUG   ] astra.vetting.shape_analysis [shape_analysis.py:71] test_shape_analysis: Shape test: flat_bottom_ratio=0.600, ingress_symmetry=-0.181
2026-06-29 18:15:38 [DEBUG   ] astra.vetting.duration_check [duration_check.py:90] test_duration_consistency: Duration check passed: ratio=0.44 (observed=1.68h, expected=3.86h)
2026-06-29 18:15:38 [DEBUG   ] astra.vetting.physical_limits [physical_limits.py:89] test_physical_limits: Physical limits passed: R_planet=1.0 R_Earth, T_eq=1037 K
2026-06-29 18:15:38 [INFO    ] astra.vetting             [__init__.py:256] run_all_vetting: Vetting summary: PASSED (5 passed, 0 failed, 0 flagged) 
2026-06-29 18:15:38 [DEBUG   ] astra.extraction.phase_fold [phase_fold.py:135] phase_fold: Phase fold: period=8.2235d, 3 transits stacked, 327 in-transit points, 1000 bins
2026-06-29 18:15:38 [WARNING ] astra.classification.rf_classifier [rf_classifier.py:159] load: RF model not found at models\rf_phase1
2026-06-29 18:15:38 [WARNING ] astra.pipeline            [pipeline.py:113] _load_classifiers: RF model not found — classification will be skipped
2026-06-29 18:15:38 [WARNING ] astra.classification.xgb_classifier [xgb_classifier.py:174] load: XGBoost model not found at models\xgboost_phase2
2026-06-29 18:15:38 [WARNING ] astra.pipeline            [pipeline.py:118] _load_classifiers: XGBoost model not found — classification will be skipped
2026-06-29 18:15:40 [WARNING ] astra.classification.cnn_classifier [cnn_classifier.py:211] load: CNN weights not found at models\cnn_phase2\cnn_weights.pt
2026-06-29 18:15:40 [WARNING ] astra.pipeline            [pipeline.py:123] _load_classifiers: CNN model not found — will use XGBoost only
2026-06-29 18:15:40 [WARNING ] astra.classification.rf_classifier [rf_classifier.py:159] load: RF model not found at models\rf_phase1
2026-06-29 18:15:40 [WARNING ] astra.pipeline            [pipeline.py:113] _load_classifiers: RF model not found — classification will be skipped
2026-06-29 18:15:40 [WARNING ] astra.classification.xgb_classifier [xgb_classifier.py:174] load: XGBoost model not found at models\xgboost_phase2
2026-06-29 18:15:40 [WARNING ] astra.pipeline            [pipeline.py:118] _load_classifiers: XGBoost model not found — classification will be skipped
2026-06-29 18:15:40 [WARNING ] astra.classification.cnn_classifier [cnn_classifier.py:211] load: CNN weights not found at models\cnn_phase2\cnn_weights.pt
2026-06-29 18:15:40 [WARNING ] astra.pipeline            [pipeline.py:123] _load_classifiers: CNN model not found — will use XGBoost only
2026-06-29 18:15:40 [WARNING ] astra.pipeline            [pipeline.py:545] _run_classification: ML classifiers not available — skipping classification
