2026-06-29 17:41:43 [INFO    ] astra.pipeline            [pipeline.py:98] _load_config: Configuration loaded from config/config.yaml
2026-06-29 17:41:43 [INFO    ] astra.pipeline            [pipeline.py:223] run_single_star: Processing single star: TIC 259377017
2026-06-29 17:41:55 [DEBUG   ] astra.ingestion.quality_filter [quality_filter.py:145] apply_quality_filter: Quality filter passed: 12974 points, CROWDSAP=0.992, RMS=0.00132, activity_flag=False
2026-06-29 17:41:55 [DEBUG   ] astra.preprocessing.normalization [normalization.py:101] sigma_clip: Sigma clipping converged at iteration 2
2026-06-29 17:41:55 [DEBUG   ] astra.preprocessing.normalization [normalization.py:109] sigma_clip: Sigma clipping (5.0σ): removed 1/12974 points (0.0%)
2026-06-29 17:41:55 [DEBUG   ] astra.preprocessing.gap_handler [gap_handler.py:49] find_gaps: Found 2 continuous segments (1 gaps > 0.5 days)
2026-06-29 17:41:55 [DEBUG   ] astra.preprocessing.gap_handler [gap_handler.py:102] segment_light_curve: Segmented light curve into 2 valid segments (from 2 total)
2026-06-29 17:41:55 [DEBUG   ] astra.preprocessing.normalization [normalization.py:54] normalize_flux: Normalized flux by factor 0.999989 (method=median)
2026-06-29 17:41:55 [DEBUG   ] astra.preprocessing.detrending [detrending.py:203] detrend_light_curve: Detrending complete: 12973 points, 2 segments, 1 clipped, method=biweight, window=0.75d
2026-06-29 17:41:57 [DEBUG   ] astra.detection.bls_search [bls_search.py:157] run_bls_search: BLS: P=0.5001d, depth=0.00079, SNR=86.0, power=2292.4554, n_transits=40
2026-06-29 17:42:21 [DEBUG   ] astra.detection.tls_search [tls_search.py:152] run_tls_search: TLS: P=5.6619d, SDE=14.1, depth=0.00345, duration=0.0437d, n_transits=3
2026-06-29 17:42:21 [INFO    ] astra.detection.multi_planet [multi_planet.py:192] search_multi_planet: TIC 259377017 candidate 1: P=0.5001d, depth=0.00079, SNR=86.0, n_transits=40 → TCE
2026-06-29 17:42:21 [DEBUG   ] astra.detection.multi_planet [multi_planet.py:121] search_multi_planet: TIC 259377017: Too few points remaining (3) after 1 candidates
2026-06-29 17:42:21 [DEBUG   ] astra.extraction.phase_fold [phase_fold.py:135] phase_fold: Phase fold: period=0.5001d, 40 transits stacked, 12970 in-transit points, 50 bins
2026-06-29 17:42:21 [DEBUG   ] astra.vetting.odd_even    [odd_even.py:107] test_odd_even: Odd-even test passed: σ=1.32 ≤ 3.0
2026-06-29 17:42:21 [DEBUG   ] astra.vetting.secondary_eclipse [secondary_eclipse.py:56] test_secondary_eclipse: Secondary eclipse test: insufficient data points
2026-06-29 17:42:21 [DEBUG   ] astra.vetting.centroid    [centroid.py:52] test_centroid_shift: Centroid test: TPF not available, skipping
2026-06-29 17:42:21 [DEBUG   ] astra.vetting.shape_analysis [shape_analysis.py:71] test_shape_analysis: Shape test: flat_bottom_ratio=0.953, ingress_symmetry=0.282
2026-06-29 17:42:21 [INFO    ] astra.vetting.duration_check [duration_check.py:84] test_duration_consistency: Duration check soft flag: ratio=13.35 (observed=12.00h, expected=0.90h) outside [0.3, 3.0]
2026-06-29 17:42:21 [DEBUG   ] astra.vetting.physical_limits [physical_limits.py:89] test_physical_limits: Physical limits passed: R_planet=1.1 R_Earth, T_eq=1097 K
2026-06-29 17:42:21 [INFO    ] astra.vetting             [__init__.py:256] run_all_vetting: Vetting summary: PASSED (4 passed, 0 failed, 1 flagged) 
2026-06-29 17:42:21 [WARNING ] astra.classification.rf_classifier [rf_classifier.py:159] load: RF model not found at models\rf_phase1
2026-06-29 17:42:21 [WARNING ] astra.pipeline            [pipeline.py:113] _load_classifiers: RF model not found — classification will be skipped
2026-06-29 17:42:21 [WARNING ] astra.classification.xgb_classifier [xgb_classifier.py:174] load: XGBoost model not found at models\xgboost_phase2
2026-06-29 17:42:21 [WARNING ] astra.pipeline            [pipeline.py:118] _load_classifiers: XGBoost model not found — classification will be skipped
2026-06-29 17:42:22 [WARNING ] astra.classification.cnn_classifier [cnn_classifier.py:211] load: CNN weights not found at models\cnn_phase2\cnn_weights.pt
2026-06-29 17:42:22 [WARNING ] astra.pipeline            [pipeline.py:123] _load_classifiers: CNN model not found — will use XGBoost only
2026-06-29 17:42:22 [WARNING ] astra.classification.rf_classifier [rf_classifier.py:159] load: RF model not found at models\rf_phase1
2026-06-29 17:42:22 [WARNING ] astra.pipeline            [pipeline.py:113] _load_classifiers: RF model not found — classification will be skipped
2026-06-29 17:42:22 [WARNING ] astra.classification.xgb_classifier [xgb_classifier.py:174] load: XGBoost model not found at models\xgboost_phase2
2026-06-29 17:42:22 [WARNING ] astra.pipeline            [pipeline.py:118] _load_classifiers: XGBoost model not found — classification will be skipped
2026-06-29 17:42:22 [WARNING ] astra.classification.cnn_classifier [cnn_classifier.py:211] load: CNN weights not found at models\cnn_phase2\cnn_weights.pt
2026-06-29 17:42:22 [WARNING ] astra.pipeline            [pipeline.py:123] _load_classifiers: CNN model not found — will use XGBoost only
2026-06-29 17:42:22 [WARNING ] astra.pipeline            [pipeline.py:545] _run_classification: ML classifiers not available — skipping classification
